# JRE version: Java(TM) SE Runtime Environment (8.0_231-b11) (build 1.8.0_231-b11)
# Java VM: Java HotSpot(TM) Client VM (25.231-b11 mixed mode, sharing windows-x86 )
Heap:
 def new generation   total 4992K, used 3827K [0x05000000, 0x05560000, 0x0a550000)
  eden space 4480K,  74% used [0x05000000, 0x0533cd88, 0x05460000)
  from space 512K, 100% used [0x054e0000, 0x05560000, 0x05560000)
  to   space 512K,   0% used [0x05460000, 0x05460000, 0x054e0000)
 tenured generation   total 10944K, used 5260K [0x0a550000, 0x0b000000, 0x15000000)
   the space 10944K,  48% used [0x0a550000, 0x0aa73118, 0x0aa73200, 0x0b000000)
 Metaspace       used 536K, capacity 2440K, committed 2496K, reserved 4480K
GC Heap History (10 events):
Event: 11264.981 GC heap before
{Heap before GC invocations=45 (full 6):
 def new generation   total 4992K, used 4992K [0x05000000, 0x05560000, 0x0a550000)
  eden space 4480K, 100% used [0x05000000, 0x05460000, 0x05460000)
  from space 512K, 100% used [0x05460000, 0x054e0000, 0x054e0000)
  to   space 512K,   0% used [0x054e0000, 0x054e0000, 0x05560000)
 tenured generation   total 10944K, used 7995K [0x0a550000, 0x0b000000, 0x15000000)
   the space 10944K,  73% used [0x0a550000, 0x0ad1edc0, 0x0ad1ee00, 0x0b000000)
 Metaspace       used 536K, capacity 2440K, committed 2496K, reserved 4480K
Event: 11264.986 GC heap after
Heap after GC invocations=46 (full 6):
 def new generation   total 4992K, used 512K [0x05000000, 0x05560000, 0x0a550000)
  eden space 4480K,   0% used [0x05000000, 0x05000000, 0x05460000)
  from space 512K, 100% used [0x054e0000, 0x05560000, 0x05560000)
  to   space 512K,   0% used [0x05460000, 0x05460000, 0x054e0000)
 tenured generation   total 10944K, used 9356K [0x0a550000, 0x0b000000, 0x15000000)
   the space 10944K,  85% used [0x0a550000, 0x0ae732b0, 0x0ae73400, 0x0b000000)
 Metaspace       used 536K, capacity 2440K, committed 2496K, reserved 4480K
}
Event: 11514.417 GC heap before
{Heap before GC invocations=46 (full 6):
 def new generation   total 4992K, used 4992K [0x05000000, 0x05560000, 0x0a550000)
  eden space 4480K, 100% used [0x05000000, 0x05460000, 0x05460000)
  from space 512K, 100% used [0x054e0000, 0x05560000, 0x05560000)
  to   space 512K,   0% used [0x05460000, 0x05460000, 0x054e0000)
 tenured generation   total 10944K, used 9356K [0x0a550000, 0x0b000000, 0x15000000)
   the space 10944K,  85% used [0x0a550000, 0x0ae732b0, 0x0ae73400, 0x0b000000)
 Metaspace       used 536K, capacity 2440K, committed 2496K, reserved 4480K
Event: 11514.422 GC heap after
Heap after GC invocations=47 (full 6):
 def new generation   total 4992K, used 512K [0x05000000, 0x05560000, 0x0a550000)
  eden space 4480K,   0% used [0x05000000, 0x05000000, 0x05460000)
  from space 512K, 100% used [0x05460000, 0x054e0000, 0x054e0000)
  to   space 512K,   0% used [0x054e0000, 0x054e0000, 0x05560000)
 tenured generation   total 10944K, used 10719K [0x0a550000, 0x0b000000, 0x15000000)
   the space 10944K,  97% used [0x0a550000, 0x0afc7e00, 0x0afc7e00, 0x0b000000)
 Metaspace       used 536K, capacity 2440K, committed 2496K, reserved 4480K
}
Event: 11763.406 GC heap before
{Heap before GC invocations=47 (full 6):
 def new generation   total 4992K, used 4992K [0x05000000, 0x05560000, 0x0a550000)
  eden space 4480K, 100% used [0x05000000, 0x05460000, 0x05460000)
  from space 512K, 100% used [0x05460000, 0x054e0000, 0x054e0000)
  to   space 512K,   0% used [0x054e0000, 0x054e0000, 0x05560000)
 tenured generation   total 10944K, used 10719K [0x0a550000, 0x0b000000, 0x15000000)
   the space 10944K,  97% used [0x0a550000, 0x0afc7e00, 0x0afc7e00, 0x0b000000)
 Metaspace       used 536K, capacity 2440K, committed 2496K, reserved 4480K
Event: 11763.419 GC heap after
Heap after GC invocations=48 (full 7):
 def new generation   total 4992K, used 0K [0x05000000, 0x05560000, 0x0a550000)
  eden space 4480K,   0% used [0x05000000, 0x05000000, 0x05460000)
  from space 512K,   0% used [0x054e0000, 0x054e0000, 0x05560000)
  to   space 512K,   0% used [0x05460000, 0x05460000, 0x054e0000)
 tenured generation   total 10944K, used 2612K [0x0a550000, 0x0b000000, 0x15000000)
   the space 10944K,  23% used [0x0a550000, 0x0a7dd2b8, 0x0a7dd400, 0x0b000000)
 Metaspace       used 536K, capacity 2440K, committed 2496K, reserved 4480K
}
Event: 12012.281 GC heap before
{Heap before GC invocations=48 (full 7):
 def new generation   total 4992K, used 4480K [0x05000000, 0x05560000, 0x0a550000)
  eden space 4480K, 100% used [0x05000000, 0x05460000, 0x05460000)
  from space 512K,   0% used [0x054e0000, 0x054e0000, 0x05560000)
  to   space 512K,   0% used [0x05460000, 0x05460000, 0x054e0000)
 tenured generation   total 10944K, used 2612K [0x0a550000, 0x0b000000, 0x15000000)
   the space 10944K,  23% used [0x0a550000, 0x0a7dd2b8, 0x0a7dd400, 0x0b000000)
 Metaspace       used 536K, capacity 2440K, committed 2496K, reserved 4480K
Event: 12012.286 GC heap after
Heap after GC invocations=49 (full 7):
 def new generation   total 4992K, used 512K [0x05000000, 0x05560000, 0x0a550000)
  eden space 4480K,   0% used [0x05000000, 0x05000000, 0x05460000)
  from space 512K, 100% used [0x05460000, 0x054e0000, 0x054e0000)
  to   space 512K,   0% used [0x054e0000, 0x054e0000, 0x05560000)
 tenured generation   total 10944K, used 3897K [0x0a550000, 0x0b000000, 0x15000000)
   the space 10944K,  35% used [0x0a550000, 0x0a91e510, 0x0a91e600, 0x0b000000)
 Metaspace       used 536K, capacity 2440K, committed 2496K, reserved 4480K
}
Event: 12277.052 GC heap before
{Heap before GC invocations=49 (full 7):
 def new generation   total 4992K, used 4992K [0x05000000, 0x05560000, 0x0a550000)
  eden space 4480K, 100% used [0x05000000, 0x05460000, 0x05460000)
  from space 512K, 100% used [0x05460000, 0x054e0000, 0x054e0000)
  to   space 512K,   0% used [0x054e0000, 0x054e0000, 0x05560000)
 tenured generation   total 10944K, used 3897K [0x0a550000, 0x0b000000, 0x15000000)
   the space 10944K,  35% used [0x0a550000, 0x0a91e510, 0x0a91e600, 0x0b000000)
 Metaspace       used 536K, capacity 2440K, committed 2496K, reserved 4480K
Event: 12277.057 GC heap after
Heap after GC invocations=50 (full 7):
 def new generation   total 4992K, used 512K [0x05000000, 0x05560000, 0x0a550000)
  eden space 4480K,   0% used [0x05000000, 0x05000000, 0x05460000)
  from space 512K, 100% used [0x054e0000, 0x05560000, 0x05560000)
  to   space 512K,   0% used [0x05460000, 0x05460000, 0x054e0000)
 tenured generation   total 10944K, used 5260K [0x0a550000, 0x0b000000, 0x15000000)
   the space 10944K,  48% used [0x0a550000, 0x0aa73118, 0x0aa73200, 0x0b000000)
 Metaspace       used 536K, capacity 2440K, committed 2496K, reserved 4480K
}

